{"/home/arsene/Project/school-projects/mdeforge/advanced-query-mechanisms/query-engine/microsyntax/error/error.js": {"path":"/home/arsene/Project/school-projects/mdeforge/advanced-query-mechanisms/query-engine/microsyntax/error/error.js","statementMap":{"0":{"start":{"line":3,"column":8},"end":{"line":3,"column":31}},"1":{"start":{"line":4,"column":8},"end":{"line":4,"column":39}},"2":{"start":{"line":5,"column":8},"end":{"line":5,"column":33}},"3":{"start":{"line":9,"column":8},"end":{"line":9,"column":138}},"4":{"start":{"line":15,"column":8},"end":{"line":15,"column":27}},"5":{"start":{"line":16,"column":8},"end":{"line":16,"column":37}},"6":{"start":{"line":17,"column":8},"end":{"line":17,"column":31}},"7":{"start":{"line":21,"column":8},"end":{"line":21,"column":126}},"8":{"start":{"line":25,"column":0},"end":{"line":25,"column":57}}},"fnMap":{"0":{"name":"(anonymous_0)","decl":{"start":{"line":2,"column":4},"end":{"line":2,"column":5}},"loc":{"start":{"line":2,"column":48},"end":{"line":6,"column":5}},"line":2},"1":{"name":"(anonymous_1)","decl":{"start":{"line":8,"column":4},"end":{"line":8,"column":5}},"loc":{"start":{"line":8,"column":15},"end":{"line":10,"column":5}},"line":8},"2":{"name":"(anonymous_2)","decl":{"start":{"line":14,"column":4},"end":{"line":14,"column":5}},"loc":{"start":{"line":14,"column":44},"end":{"line":18,"column":5}},"line":14},"3":{"name":"(anonymous_3)","decl":{"start":{"line":20,"column":4},"end":{"line":20,"column":5}},"loc":{"start":{"line":20,"column":15},"end":{"line":22,"column":5}},"line":20}},"branchMap":{},"s":{"0":2,"1":2,"2":2,"3":0,"4":0,"5":0,"6":0,"7":0,"8":2},"f":{"0":2,"1":0,"2":0,"3":0},"b":{},"_coverageSchema":"1a1c01bbd47fc00a2c39e90264f33305004495a9","hash":"c095d421728112c1cb5763c0cd64eda4d6992368"}
,"/home/arsene/Project/school-projects/mdeforge/advanced-query-mechanisms/query-engine/microsyntax/lexer/constants.js": {"path":"/home/arsene/Project/school-projects/mdeforge/advanced-query-mechanisms/query-engine/microsyntax/lexer/constants.js","statementMap":{"0":{"start":{"line":2,"column":16},"end":{"line":26,"column":1}},"1":{"start":{"line":29,"column":14},"end":{"line":38,"column":1}},"2":{"start":{"line":40,"column":11},"end":{"line":58,"column":1}},"3":{"start":{"line":61,"column":17},"end":{"line":63,"column":1}},"4":{"start":{"line":65,"column":0},"end":{"line":70,"column":1}}},"fnMap":{},"branchMap":{"0":{"loc":{"start":{"line":20,"column":20},"end":{"line":20,"column":30}},"type":"binary-expr","locations":[{"start":{"line":20,"column":20},"end":{"line":20,"column":23}},{"start":{"line":20,"column":27},"end":{"line":20,"column":30}}],"line":20}},"s":{"0":2,"1":2,"2":2,"3":2,"4":2},"f":{},"b":{"0":[2,0]},"_coverageSchema":"1a1c01bbd47fc00a2c39e90264f33305004495a9","hash":"46bf122ab13307c746f62e8f51200a5e66fa73cb"}
,"/home/arsene/Project/school-projects/mdeforge/advanced-query-mechanisms/query-engine/microsyntax/lexer/lexer.js": {"path":"/home/arsene/Project/school-projects/mdeforge/advanced-query-mechanisms/query-engine/microsyntax/lexer/lexer.js","statementMap":{"0":{"start":{"line":6,"column":14},"end":{"line":6,"column":30}},"1":{"start":{"line":7,"column":34},"end":{"line":7,"column":62}},"2":{"start":{"line":12,"column":4},"end":{"line":12,"column":29}},"3":{"start":{"line":13,"column":14},"end":{"line":13,"column":35}},"4":{"start":{"line":16,"column":8},"end":{"line":16,"column":27}},"5":{"start":{"line":17,"column":8},"end":{"line":17,"column":22}},"6":{"start":{"line":18,"column":8},"end":{"line":18,"column":32}},"7":{"start":{"line":19,"column":8},"end":{"line":19,"column":23}},"8":{"start":{"line":20,"column":8},"end":{"line":20,"column":25}},"9":{"start":{"line":24,"column":8},"end":{"line":24,"column":19}},"10":{"start":{"line":25,"column":8},"end":{"line":25,"column":86}},"11":{"start":{"line":30,"column":8},"end":{"line":155,"column":9}},"12":{"start":{"line":31,"column":12},"end":{"line":154,"column":13}},"13":{"start":{"line":33,"column":20},"end":{"line":33,"column":35}},"14":{"start":{"line":34,"column":20},"end":{"line":34,"column":26}},"15":{"start":{"line":36,"column":20},"end":{"line":37,"column":68}},"16":{"start":{"line":37,"column":24},"end":{"line":37,"column":68}},"17":{"start":{"line":38,"column":20},"end":{"line":38,"column":35}},"18":{"start":{"line":39,"column":20},"end":{"line":39,"column":26}},"19":{"start":{"line":41,"column":20},"end":{"line":41,"column":67}},"20":{"start":{"line":42,"column":20},"end":{"line":42,"column":35}},"21":{"start":{"line":43,"column":20},"end":{"line":43,"column":26}},"22":{"start":{"line":45,"column":20},"end":{"line":45,"column":67}},"23":{"start":{"line":46,"column":20},"end":{"line":46,"column":35}},"24":{"start":{"line":47,"column":20},"end":{"line":47,"column":26}},"25":{"start":{"line":49,"column":20},"end":{"line":49,"column":35}},"26":{"start":{"line":50,"column":20},"end":{"line":53,"column":21}},"27":{"start":{"line":51,"column":24},"end":{"line":51,"column":70}},"28":{"start":{"line":52,"column":24},"end":{"line":52,"column":39}},"29":{"start":{"line":54,"column":20},"end":{"line":54,"column":26}},"30":{"start":{"line":56,"column":20},"end":{"line":56,"column":35}},"31":{"start":{"line":57,"column":20},"end":{"line":63,"column":21}},"32":{"start":{"line":58,"column":24},"end":{"line":58,"column":80}},"33":{"start":{"line":59,"column":24},"end":{"line":59,"column":39}},"34":{"start":{"line":61,"column":24},"end":{"line":61,"column":73}},"35":{"start":{"line":64,"column":20},"end":{"line":64,"column":26}},"36":{"start":{"line":66,"column":20},"end":{"line":66,"column":35}},"37":{"start":{"line":67,"column":20},"end":{"line":73,"column":21}},"38":{"start":{"line":68,"column":24},"end":{"line":68,"column":83}},"39":{"start":{"line":69,"column":24},"end":{"line":69,"column":39}},"40":{"start":{"line":71,"column":24},"end":{"line":71,"column":76}},"41":{"start":{"line":74,"column":20},"end":{"line":74,"column":26}},"42":{"start":{"line":81,"column":20},"end":{"line":81,"column":65}},"43":{"start":{"line":82,"column":20},"end":{"line":82,"column":35}},"44":{"start":{"line":83,"column":20},"end":{"line":83,"column":26}},"45":{"start":{"line":86,"column":20},"end":{"line":86,"column":65}},"46":{"start":{"line":87,"column":20},"end":{"line":87,"column":35}},"47":{"start":{"line":88,"column":20},"end":{"line":88,"column":26}},"48":{"start":{"line":90,"column":20},"end":{"line":98,"column":21}},"49":{"start":{"line":91,"column":24},"end":{"line":91,"column":69}},"50":{"start":{"line":92,"column":24},"end":{"line":92,"column":39}},"51":{"start":{"line":94,"column":38},"end":{"line":94,"column":57}},"52":{"start":{"line":95,"column":24},"end":{"line":96,"column":43}},"53":{"start":{"line":96,"column":28},"end":{"line":96,"column":43}},"54":{"start":{"line":97,"column":24},"end":{"line":97,"column":75}},"55":{"start":{"line":99,"column":20},"end":{"line":99,"column":26}},"56":{"start":{"line":101,"column":20},"end":{"line":109,"column":21}},"57":{"start":{"line":102,"column":24},"end":{"line":102,"column":67}},"58":{"start":{"line":103,"column":24},"end":{"line":103,"column":39}},"59":{"start":{"line":105,"column":38},"end":{"line":105,"column":57}},"60":{"start":{"line":106,"column":24},"end":{"line":107,"column":43}},"61":{"start":{"line":107,"column":28},"end":{"line":107,"column":43}},"62":{"start":{"line":108,"column":24},"end":{"line":108,"column":75}},"63":{"start":{"line":110,"column":20},"end":{"line":110,"column":26}},"64":{"start":{"line":112,"column":20},"end":{"line":120,"column":21}},"65":{"start":{"line":113,"column":24},"end":{"line":113,"column":69}},"66":{"start":{"line":114,"column":24},"end":{"line":114,"column":39}},"67":{"start":{"line":116,"column":38},"end":{"line":116,"column":57}},"68":{"start":{"line":117,"column":24},"end":{"line":118,"column":43}},"69":{"start":{"line":118,"column":28},"end":{"line":118,"column":43}},"70":{"start":{"line":119,"column":24},"end":{"line":119,"column":75}},"71":{"start":{"line":121,"column":20},"end":{"line":121,"column":26}},"72":{"start":{"line":123,"column":20},"end":{"line":152,"column":21}},"73":{"start":{"line":124,"column":37},"end":{"line":124,"column":59}},"74":{"start":{"line":125,"column":24},"end":{"line":126,"column":42}},"75":{"start":{"line":126,"column":28},"end":{"line":126,"column":42}},"76":{"start":{"line":127,"column":24},"end":{"line":127,"column":73}},"77":{"start":{"line":130,"column":25},"end":{"line":152,"column":21}},"78":{"start":{"line":131,"column":38},"end":{"line":131,"column":57}},"79":{"start":{"line":132,"column":24},"end":{"line":133,"column":43}},"80":{"start":{"line":133,"column":28},"end":{"line":133,"column":43}},"81":{"start":{"line":135,"column":24},"end":{"line":145,"column":79}},"82":{"start":{"line":136,"column":40},"end":{"line":136,"column":75}},"83":{"start":{"line":137,"column":28},"end":{"line":140,"column":79}},"84":{"start":{"line":138,"column":32},"end":{"line":138,"column":83}},"85":{"start":{"line":140,"column":32},"end":{"line":140,"column":79}},"86":{"start":{"line":142,"column":29},"end":{"line":145,"column":79}},"87":{"start":{"line":143,"column":28},"end":{"line":143,"column":78}},"88":{"start":{"line":145,"column":28},"end":{"line":145,"column":79}},"89":{"start":{"line":149,"column":24},"end":{"line":151,"column":109}},"90":{"start":{"line":153,"column":20},"end":{"line":153,"column":26}},"91":{"start":{"line":157,"column":8},"end":{"line":157,"column":52}},"92":{"start":{"line":158,"column":8},"end":{"line":158,"column":27}},"93":{"start":{"line":160,"column":8},"end":{"line":160,"column":27}},"94":{"start":{"line":164,"column":16},"end":{"line":164,"column":17}},"95":{"start":{"line":165,"column":8},"end":{"line":182,"column":9}},"96":{"start":{"line":166,"column":12},"end":{"line":180,"column":13}},"97":{"start":{"line":167,"column":16},"end":{"line":170,"column":17}},"98":{"start":{"line":168,"column":20},"end":{"line":168,"column":45}},"99":{"start":{"line":169,"column":20},"end":{"line":169,"column":29}},"100":{"start":{"line":181,"column":12},"end":{"line":181,"column":19}},"101":{"start":{"line":187,"column":21},"end":{"line":187,"column":23}},"102":{"start":{"line":188,"column":24},"end":{"line":188,"column":25}},"103":{"start":{"line":191,"column":8},"end":{"line":206,"column":9}},"104":{"start":{"line":192,"column":12},"end":{"line":205,"column":13}},"105":{"start":{"line":193,"column":16},"end":{"line":197,"column":17}},"106":{"start":{"line":194,"column":20},"end":{"line":196,"column":95}},"107":{"start":{"line":198,"column":16},"end":{"line":198,"column":31}},"108":{"start":{"line":199,"column":16},"end":{"line":199,"column":43}},"109":{"start":{"line":200,"column":16},"end":{"line":200,"column":31}},"110":{"start":{"line":203,"column":16},"end":{"line":203,"column":43}},"111":{"start":{"line":204,"column":16},"end":{"line":204,"column":31}},"112":{"start":{"line":208,"column":8},"end":{"line":212,"column":78}},"113":{"start":{"line":209,"column":12},"end":{"line":209,"column":26}},"114":{"start":{"line":210,"column":13},"end":{"line":212,"column":78}},"115":{"start":{"line":217,"column":22},"end":{"line":217,"column":24}},"116":{"start":{"line":218,"column":8},"end":{"line":222,"column":9}},"117":{"start":{"line":220,"column":12},"end":{"line":220,"column":40}},"118":{"start":{"line":221,"column":12},"end":{"line":221,"column":26}},"119":{"start":{"line":223,"column":8},"end":{"line":223,"column":23}},"120":{"start":{"line":228,"column":8},"end":{"line":237,"column":9}},"121":{"start":{"line":228,"column":25},"end":{"line":228,"column":26}},"122":{"start":{"line":229,"column":12},"end":{"line":236,"column":13}},"123":{"start":{"line":230,"column":16},"end":{"line":230,"column":31}},"124":{"start":{"line":232,"column":16},"end":{"line":232,"column":50}},"125":{"start":{"line":233,"column":16},"end":{"line":233,"column":56}},"126":{"start":{"line":234,"column":16},"end":{"line":234,"column":31}},"127":{"start":{"line":235,"column":16},"end":{"line":235,"column":29}},"128":{"start":{"line":239,"column":8},"end":{"line":240,"column":23}},"129":{"start":{"line":240,"column":12},"end":{"line":240,"column":23}},"130":{"start":{"line":242,"column":8},"end":{"line":242,"column":21}},"131":{"start":{"line":247,"column":0},"end":{"line":247,"column":27}}},"fnMap":{"0":{"name":"(anonymous_0)","decl":{"start":{"line":15,"column":4},"end":{"line":15,"column":5}},"loc":{"start":{"line":15,"column":23},"end":{"line":21,"column":5}},"line":15},"1":{"name":"(anonymous_1)","decl":{"start":{"line":23,"column":4},"end":{"line":23,"column":5}},"loc":{"start":{"line":23,"column":14},"end":{"line":26,"column":5}},"line":23},"2":{"name":"(anonymous_2)","decl":{"start":{"line":28,"column":4},"end":{"line":28,"column":5}},"loc":{"start":{"line":28,"column":17},"end":{"line":161,"column":5}},"line":28},"3":{"name":"(anonymous_3)","decl":{"start":{"line":163,"column":4},"end":{"line":163,"column":5}},"loc":{"start":{"line":163,"column":18},"end":{"line":184,"column":5}},"line":163},"4":{"name":"(anonymous_4)","decl":{"start":{"line":186,"column":4},"end":{"line":186,"column":5}},"loc":{"start":{"line":186,"column":22},"end":{"line":213,"column":5}},"line":186},"5":{"name":"(anonymous_5)","decl":{"start":{"line":216,"column":4},"end":{"line":216,"column":5}},"loc":{"start":{"line":216,"column":19},"end":{"line":224,"column":5}},"line":216},"6":{"name":"(anonymous_6)","decl":{"start":{"line":227,"column":4},"end":{"line":227,"column":5}},"loc":{"start":{"line":227,"column":32},"end":{"line":243,"column":5}},"line":227}},"branchMap":{"0":{"loc":{"start":{"line":25,"column":27},"end":{"line":25,"column":85}},"type":"cond-expr","locations":[{"start":{"line":25,"column":58},"end":{"line":25,"column":78}},{"start":{"line":25,"column":81},"end":{"line":25,"column":85}}],"line":25},"1":{"loc":{"start":{"line":31,"column":12},"end":{"line":154,"column":13}},"type":"switch","locations":[{"start":{"line":32,"column":16},"end":{"line":34,"column":26}},{"start":{"line":35,"column":16},"end":{"line":39,"column":26}},{"start":{"line":40,"column":16},"end":{"line":43,"column":26}},{"start":{"line":44,"column":16},"end":{"line":47,"column":26}},{"start":{"line":48,"column":16},"end":{"line":54,"column":26}},{"start":{"line":55,"column":16},"end":{"line":64,"column":26}},{"start":{"line":65,"column":16},"end":{"line":74,"column":26}},{"start":{"line":80,"column":16},"end":{"line":83,"column":26}},{"start":{"line":84,"column":16},"end":{"line":84,"column":25}},{"start":{"line":85,"column":16},"end":{"line":88,"column":26}},{"start":{"line":89,"column":16},"end":{"line":99,"column":26}},{"start":{"line":100,"column":16},"end":{"line":110,"column":26}},{"start":{"line":111,"column":16},"end":{"line":121,"column":26}},{"start":{"line":122,"column":16},"end":{"line":153,"column":26}}],"line":31},"2":{"loc":{"start":{"line":36,"column":20},"end":{"line":37,"column":68}},"type":"if","locations":[{"start":{"line":36,"column":20},"end":{"line":37,"column":68}},{"start":{},"end":{}}],"line":36},"3":{"loc":{"start":{"line":50,"column":20},"end":{"line":53,"column":21}},"type":"if","locations":[{"start":{"line":50,"column":20},"end":{"line":53,"column":21}},{"start":{},"end":{}}],"line":50},"4":{"loc":{"start":{"line":57,"column":20},"end":{"line":63,"column":21}},"type":"if","locations":[{"start":{"line":57,"column":20},"end":{"line":63,"column":21}},{"start":{"line":60,"column":27},"end":{"line":63,"column":21}}],"line":57},"5":{"loc":{"start":{"line":67,"column":20},"end":{"line":73,"column":21}},"type":"if","locations":[{"start":{"line":67,"column":20},"end":{"line":73,"column":21}},{"start":{"line":70,"column":27},"end":{"line":73,"column":21}}],"line":67},"6":{"loc":{"start":{"line":90,"column":20},"end":{"line":98,"column":21}},"type":"if","locations":[{"start":{"line":90,"column":20},"end":{"line":98,"column":21}},{"start":{"line":93,"column":27},"end":{"line":98,"column":21}}],"line":90},"7":{"loc":{"start":{"line":95,"column":24},"end":{"line":96,"column":43}},"type":"if","locations":[{"start":{"line":95,"column":24},"end":{"line":96,"column":43}},{"start":{},"end":{}}],"line":95},"8":{"loc":{"start":{"line":101,"column":20},"end":{"line":109,"column":21}},"type":"if","locations":[{"start":{"line":101,"column":20},"end":{"line":109,"column":21}},{"start":{"line":104,"column":27},"end":{"line":109,"column":21}}],"line":101},"9":{"loc":{"start":{"line":106,"column":24},"end":{"line":107,"column":43}},"type":"if","locations":[{"start":{"line":106,"column":24},"end":{"line":107,"column":43}},{"start":{},"end":{}}],"line":106},"10":{"loc":{"start":{"line":112,"column":20},"end":{"line":120,"column":21}},"type":"if","locations":[{"start":{"line":112,"column":20},"end":{"line":120,"column":21}},{"start":{"line":115,"column":27},"end":{"line":120,"column":21}}],"line":112},"11":{"loc":{"start":{"line":117,"column":24},"end":{"line":118,"column":43}},"type":"if","locations":[{"start":{"line":117,"column":24},"end":{"line":118,"column":43}},{"start":{},"end":{}}],"line":117},"12":{"loc":{"start":{"line":123,"column":20},"end":{"line":152,"column":21}},"type":"if","locations":[{"start":{"line":123,"column":20},"end":{"line":152,"column":21}},{"start":{"line":130,"column":25},"end":{"line":152,"column":21}}],"line":123},"13":{"loc":{"start":{"line":125,"column":24},"end":{"line":126,"column":42}},"type":"if","locations":[{"start":{"line":125,"column":24},"end":{"line":126,"column":42}},{"start":{},"end":{}}],"line":125},"14":{"loc":{"start":{"line":130,"column":25},"end":{"line":152,"column":21}},"type":"if","locations":[{"start":{"line":130,"column":25},"end":{"line":152,"column":21}},{"start":{"line":148,"column":25},"end":{"line":152,"column":21}}],"line":130},"15":{"loc":{"start":{"line":132,"column":24},"end":{"line":133,"column":43}},"type":"if","locations":[{"start":{"line":132,"column":24},"end":{"line":133,"column":43}},{"start":{},"end":{}}],"line":132},"16":{"loc":{"start":{"line":135,"column":24},"end":{"line":145,"column":79}},"type":"if","locations":[{"start":{"line":135,"column":24},"end":{"line":145,"column":79}},{"start":{"line":142,"column":29},"end":{"line":145,"column":79}}],"line":135},"17":{"loc":{"start":{"line":137,"column":28},"end":{"line":140,"column":79}},"type":"if","locations":[{"start":{"line":137,"column":28},"end":{"line":140,"column":79}},{"start":{"line":140,"column":32},"end":{"line":140,"column":79}}],"line":137},"18":{"loc":{"start":{"line":142,"column":29},"end":{"line":145,"column":79}},"type":"if","locations":[{"start":{"line":142,"column":29},"end":{"line":145,"column":79}},{"start":{"line":145,"column":28},"end":{"line":145,"column":79}}],"line":142},"19":{"loc":{"start":{"line":166,"column":12},"end":{"line":180,"column":13}},"type":"if","locations":[{"start":{"line":166,"column":12},"end":{"line":180,"column":13}},{"start":{},"end":{}}],"line":166},"20":{"loc":{"start":{"line":167,"column":16},"end":{"line":170,"column":17}},"type":"if","locations":[{"start":{"line":167,"column":16},"end":{"line":170,"column":17}},{"start":{},"end":{}}],"line":167},"21":{"loc":{"start":{"line":191,"column":15},"end":{"line":191,"column":76}},"type":"binary-expr","locations":[{"start":{"line":191,"column":15},"end":{"line":191,"column":40}},{"start":{"line":191,"column":44},"end":{"line":191,"column":76}}],"line":191},"22":{"loc":{"start":{"line":192,"column":12},"end":{"line":205,"column":13}},"type":"if","locations":[{"start":{"line":192,"column":12},"end":{"line":205,"column":13}},{"start":{"line":202,"column":17},"end":{"line":205,"column":13}}],"line":192},"23":{"loc":{"start":{"line":193,"column":16},"end":{"line":197,"column":17}},"type":"if","locations":[{"start":{"line":193,"column":16},"end":{"line":197,"column":17}},{"start":{},"end":{}}],"line":193},"24":{"loc":{"start":{"line":208,"column":8},"end":{"line":212,"column":78}},"type":"if","locations":[{"start":{"line":208,"column":8},"end":{"line":212,"column":78}},{"start":{"line":210,"column":13},"end":{"line":212,"column":78}}],"line":208},"25":{"loc":{"start":{"line":208,"column":12},"end":{"line":208,"column":95}},"type":"binary-expr","locations":[{"start":{"line":208,"column":13},"end":{"line":208,"column":28}},{"start":{"line":208,"column":32},"end":{"line":208,"column":47}},{"start":{"line":208,"column":52},"end":{"line":208,"column":95}}],"line":208},"26":{"loc":{"start":{"line":218,"column":15},"end":{"line":219,"column":98}},"type":"binary-expr","locations":[{"start":{"line":218,"column":15},"end":{"line":218,"column":40}},{"start":{"line":219,"column":12},"end":{"line":219,"column":98}}],"line":218},"27":{"loc":{"start":{"line":229,"column":12},"end":{"line":236,"column":13}},"type":"if","locations":[{"start":{"line":229,"column":12},"end":{"line":236,"column":13}},{"start":{"line":231,"column":19},"end":{"line":236,"column":13}}],"line":229},"28":{"loc":{"start":{"line":239,"column":8},"end":{"line":240,"column":23}},"type":"if","locations":[{"start":{"line":239,"column":8},"end":{"line":240,"column":23}},{"start":{},"end":{}}],"line":239},"29":{"loc":{"start":{"line":239,"column":12},"end":{"line":239,"column":98}},"type":"binary-expr","locations":[{"start":{"line":239,"column":12},"end":{"line":239,"column":36}},{"start":{"line":239,"column":40},"end":{"line":239,"column":64}},{"start":{"line":239,"column":68},"end":{"line":239,"column":98}}],"line":239}},"s":{"0":2,"1":2,"2":2,"3":2,"4":15,"5":15,"6":15,"7":15,"8":15,"9":447,"10":447,"11":61,"12":138,"13":0,"14":0,"15":44,"16":31,"17":44,"18":44,"19":5,"20":5,"21":5,"22":6,"23":6,"24":6,"25":1,"26":1,"27":1,"28":1,"29":1,"30":0,"31":0,"32":0,"33":0,"34":0,"35":0,"36":0,"37":0,"38":0,"39":0,"40":0,"41":0,"42":11,"43":11,"44":11,"45":9,"46":9,"47":9,"48":4,"49":4,"50":4,"51":0,"52":0,"53":0,"54":0,"55":4,"56":1,"57":1,"58":1,"59":0,"60":0,"61":0,"62":0,"63":1,"64":2,"65":2,"66":2,"67":0,"68":0,"69":0,"70":0,"71":2,"72":55,"73":14,"74":14,"75":0,"76":14,"77":41,"78":41,"79":41,"80":0,"81":41,"82":11,"83":11,"84":0,"85":11,"86":30,"87":1,"88":29,"89":0,"90":55,"91":61,"92":61,"93":61,"94":61,"95":61,"96":2031,"97":248,"98":8,"99":8,"100":2023,"101":16,"102":16,"103":16,"104":60,"105":3,"106":1,"107":2,"108":2,"109":2,"110":57,"111":57,"112":15,"113":14,"114":1,"115":41,"116":41,"117":269,"118":269,"119":41,"120":7,"121":7,"122":20,"123":20,"124":0,"125":0,"126":0,"127":0,"128":7,"129":7,"130":0,"131":2},"f":{"0":15,"1":447,"2":61,"3":61,"4":16,"5":41,"6":7},"b":{"0":[434,13],"1":[0,44,5,6,1,0,0,11,1,9,4,1,2,55],"2":[31,13],"3":[1,0],"4":[0,0],"5":[0,0],"6":[4,0],"7":[0,0],"8":[1,0],"9":[0,0],"10":[2,0],"11":[0,0],"12":[14,41],"13":[0,14],"14":[41,0],"15":[0,41],"16":[11,30],"17":[0,11],"18":[1,29],"19":[248,1783],"20":[8,240],"21":[75,68],"22":[3,57],"23":[1,2],"24":[14,1],"25":[15,1,15],"26":[310,306],"27":[20,0],"28":[7,0],"29":[7,0,0]},"_coverageSchema":"1a1c01bbd47fc00a2c39e90264f33305004495a9","hash":"5b58a2d1f7b472565a0d1b7a117af282f26b6eaf"}
,"/home/arsene/Project/school-projects/mdeforge/advanced-query-mechanisms/query-engine/microsyntax/lexer/token.js": {"path":"/home/arsene/Project/school-projects/mdeforge/advanced-query-mechanisms/query-engine/microsyntax/lexer/token.js","statementMap":{"0":{"start":{"line":14,"column":8},"end":{"line":14,"column":25}},"1":{"start":{"line":15,"column":8},"end":{"line":15,"column":27}},"2":{"start":{"line":19,"column":8},"end":{"line":19,"column":67}},"3":{"start":{"line":23,"column":0},"end":{"line":23,"column":23}}},"fnMap":{"0":{"name":"(anonymous_0)","decl":{"start":{"line":13,"column":4},"end":{"line":13,"column":5}},"loc":{"start":{"line":13,"column":29},"end":{"line":16,"column":5}},"line":13},"1":{"name":"(anonymous_1)","decl":{"start":{"line":18,"column":4},"end":{"line":18,"column":5}},"loc":{"start":{"line":18,"column":15},"end":{"line":20,"column":5}},"line":18}},"branchMap":{},"s":{"0":186,"1":186,"2":0,"3":2},"f":{"0":186,"1":0},"b":{},"_coverageSchema":"1a1c01bbd47fc00a2c39e90264f33305004495a9","hash":"8cf31f31b629aa6196f8a7d343da8291c47b8e9b"}
,"/home/arsene/Project/school-projects/mdeforge/advanced-query-mechanisms/query-engine/microsyntax/parser/parser.js": {"path":"/home/arsene/Project/school-projects/mdeforge/advanced-query-mechanisms/query-engine/microsyntax/parser/parser.js","statementMap":{"0":{"start":{"line":3,"column":25},"end":{"line":3,"column":50}},"1":{"start":{"line":8,"column":8},"end":{"line":8,"column":27}},"2":{"start":{"line":12,"column":8},"end":{"line":12,"column":50}},"3":{"start":{"line":18,"column":8},"end":{"line":18,"column":23}},"4":{"start":{"line":19,"column":8},"end":{"line":19,"column":27}},"5":{"start":{"line":20,"column":8},"end":{"line":20,"column":27}},"6":{"start":{"line":24,"column":8},"end":{"line":24,"column":89}},"7":{"start":{"line":30,"column":8},"end":{"line":30,"column":29}},"8":{"start":{"line":31,"column":8},"end":{"line":31,"column":33}},"9":{"start":{"line":32,"column":8},"end":{"line":32,"column":27}},"10":{"start":{"line":36,"column":8},"end":{"line":36,"column":101}},"11":{"start":{"line":42,"column":8},"end":{"line":42,"column":43}},"12":{"start":{"line":43,"column":8},"end":{"line":43,"column":23}},"13":{"start":{"line":44,"column":8},"end":{"line":44,"column":39}},"14":{"start":{"line":48,"column":8},"end":{"line":48,"column":127}},"15":{"start":{"line":55,"column":8},"end":{"line":55,"column":25}},"16":{"start":{"line":56,"column":8},"end":{"line":56,"column":33}},"17":{"start":{"line":57,"column":8},"end":{"line":57,"column":27}},"18":{"start":{"line":61,"column":8},"end":{"line":61,"column":114}},"19":{"start":{"line":67,"column":8},"end":{"line":67,"column":29}},"20":{"start":{"line":68,"column":8},"end":{"line":68,"column":30}},"21":{"start":{"line":69,"column":8},"end":{"line":69,"column":33}},"22":{"start":{"line":70,"column":8},"end":{"line":70,"column":153}},"23":{"start":{"line":71,"column":8},"end":{"line":71,"column":99}},"24":{"start":{"line":72,"column":8},"end":{"line":72,"column":23}},"25":{"start":{"line":77,"column":8},"end":{"line":77,"column":27}},"26":{"start":{"line":78,"column":8},"end":{"line":78,"column":58}},"27":{"start":{"line":79,"column":8},"end":{"line":79,"column":33}},"28":{"start":{"line":80,"column":8},"end":{"line":80,"column":33}},"29":{"start":{"line":84,"column":8},"end":{"line":88,"column":9}},"30":{"start":{"line":85,"column":12},"end":{"line":87,"column":13}},"31":{"start":{"line":86,"column":16},"end":{"line":86,"column":104}},"32":{"start":{"line":90,"column":8},"end":{"line":92,"column":9}},"33":{"start":{"line":91,"column":12},"end":{"line":91,"column":116}},"34":{"start":{"line":96,"column":18},"end":{"line":96,"column":29}},"35":{"start":{"line":97,"column":27},"end":{"line":97,"column":30}},"36":{"start":{"line":99,"column":8},"end":{"line":99,"column":50}},"37":{"start":{"line":99,"column":19},"end":{"line":99,"column":50}},"38":{"start":{"line":100,"column":8},"end":{"line":104,"column":14}},"39":{"start":{"line":101,"column":12},"end":{"line":104,"column":14}},"40":{"start":{"line":106,"column":8},"end":{"line":106,"column":18}},"41":{"start":{"line":110,"column":23},"end":{"line":110,"column":36}},"42":{"start":{"line":111,"column":8},"end":{"line":111,"column":90}},"43":{"start":{"line":111,"column":50},"end":{"line":111,"column":90}},"44":{"start":{"line":113,"column":8},"end":{"line":123,"column":9}},"45":{"start":{"line":114,"column":12},"end":{"line":116,"column":13}},"46":{"start":{"line":115,"column":16},"end":{"line":115,"column":131}},"47":{"start":{"line":117,"column":33},"end":{"line":117,"column":50}},"48":{"start":{"line":118,"column":12},"end":{"line":118,"column":27}},"49":{"start":{"line":120,"column":28},"end":{"line":120,"column":41}},"50":{"start":{"line":121,"column":12},"end":{"line":121,"column":96}},"51":{"start":{"line":121,"column":55},"end":{"line":121,"column":96}},"52":{"start":{"line":122,"column":12},"end":{"line":122,"column":83}},"53":{"start":{"line":124,"column":8},"end":{"line":124,"column":49}},"54":{"start":{"line":128,"column":20},"end":{"line":128,"column":37}},"55":{"start":{"line":131,"column":8},"end":{"line":201,"column":118}},"56":{"start":{"line":132,"column":12},"end":{"line":132,"column":27}},"57":{"start":{"line":133,"column":12},"end":{"line":133,"column":35}},"58":{"start":{"line":136,"column":13},"end":{"line":201,"column":118}},"59":{"start":{"line":137,"column":28},"end":{"line":137,"column":41}},"60":{"start":{"line":138,"column":12},"end":{"line":138,"column":32}},"61":{"start":{"line":139,"column":12},"end":{"line":139,"column":27}},"62":{"start":{"line":141,"column":12},"end":{"line":144,"column":99}},"63":{"start":{"line":142,"column":16},"end":{"line":142,"column":50}},"64":{"start":{"line":143,"column":16},"end":{"line":143,"column":31}},"65":{"start":{"line":144,"column":19},"end":{"line":144,"column":99}},"66":{"start":{"line":146,"column":24},"end":{"line":146,"column":42}},"67":{"start":{"line":147,"column":12},"end":{"line":147,"column":88}},"68":{"start":{"line":147,"column":51},"end":{"line":147,"column":88}},"69":{"start":{"line":148,"column":12},"end":{"line":148,"column":41}},"70":{"start":{"line":149,"column":12},"end":{"line":149,"column":27}},"71":{"start":{"line":153,"column":13},"end":{"line":201,"column":118}},"72":{"start":{"line":154,"column":12},"end":{"line":154,"column":27}},"73":{"start":{"line":155,"column":23},"end":{"line":155,"column":34}},"74":{"start":{"line":156,"column":12},"end":{"line":156,"column":86}},"75":{"start":{"line":156,"column":50},"end":{"line":156,"column":86}},"76":{"start":{"line":158,"column":12},"end":{"line":160,"column":13}},"77":{"start":{"line":159,"column":16},"end":{"line":159,"column":106}},"78":{"start":{"line":161,"column":12},"end":{"line":161,"column":27}},"79":{"start":{"line":162,"column":12},"end":{"line":162,"column":24}},"80":{"start":{"line":165,"column":13},"end":{"line":201,"column":118}},"81":{"start":{"line":166,"column":25},"end":{"line":166,"column":36}},"82":{"start":{"line":167,"column":27},"end":{"line":167,"column":31}},"83":{"start":{"line":168,"column":24},"end":{"line":168,"column":28}},"84":{"start":{"line":169,"column":12},"end":{"line":169,"column":27}},"85":{"start":{"line":170,"column":12},"end":{"line":180,"column":114}},"86":{"start":{"line":171,"column":16},"end":{"line":171,"column":51}},"87":{"start":{"line":172,"column":16},"end":{"line":172,"column":31}},"88":{"start":{"line":174,"column":16},"end":{"line":179,"column":102}},"89":{"start":{"line":175,"column":20},"end":{"line":175,"column":52}},"90":{"start":{"line":176,"column":20},"end":{"line":176,"column":35}},"91":{"start":{"line":177,"column":20},"end":{"line":177,"column":67}},"92":{"start":{"line":179,"column":21},"end":{"line":179,"column":102}},"93":{"start":{"line":180,"column":19},"end":{"line":180,"column":114}},"94":{"start":{"line":184,"column":13},"end":{"line":201,"column":118}},"95":{"start":{"line":185,"column":32},"end":{"line":185,"column":35}},"96":{"start":{"line":186,"column":22},"end":{"line":186,"column":24}},"97":{"start":{"line":187,"column":12},"end":{"line":187,"column":27}},"98":{"start":{"line":188,"column":12},"end":{"line":191,"column":13}},"99":{"start":{"line":189,"column":16},"end":{"line":189,"column":47}},"100":{"start":{"line":190,"column":16},"end":{"line":190,"column":31}},"101":{"start":{"line":193,"column":12},"end":{"line":194,"column":39}},"102":{"start":{"line":194,"column":16},"end":{"line":194,"column":39}},"103":{"start":{"line":196,"column":30},"end":{"line":196,"column":33}},"104":{"start":{"line":197,"column":12},"end":{"line":197,"column":27}},"105":{"start":{"line":198,"column":12},"end":{"line":198,"column":73}},"106":{"start":{"line":201,"column":12},"end":{"line":201,"column":118}},"107":{"start":{"line":208,"column":20},"end":{"line":208,"column":37}},"108":{"start":{"line":209,"column":8},"end":{"line":238,"column":118}},"109":{"start":{"line":210,"column":12},"end":{"line":210,"column":27}},"110":{"start":{"line":211,"column":12},"end":{"line":211,"column":60}},"111":{"start":{"line":212,"column":15},"end":{"line":238,"column":118}},"112":{"start":{"line":213,"column":32},"end":{"line":213,"column":35}},"113":{"start":{"line":214,"column":22},"end":{"line":214,"column":24}},"114":{"start":{"line":215,"column":12},"end":{"line":215,"column":27}},"115":{"start":{"line":216,"column":12},"end":{"line":219,"column":13}},"116":{"start":{"line":217,"column":16},"end":{"line":217,"column":47}},"117":{"start":{"line":218,"column":16},"end":{"line":218,"column":31}},"118":{"start":{"line":221,"column":12},"end":{"line":222,"column":39}},"119":{"start":{"line":222,"column":16},"end":{"line":222,"column":39}},"120":{"start":{"line":224,"column":30},"end":{"line":224,"column":33}},"121":{"start":{"line":225,"column":12},"end":{"line":225,"column":27}},"122":{"start":{"line":226,"column":12},"end":{"line":226,"column":98}},"123":{"start":{"line":227,"column":15},"end":{"line":238,"column":118}},"124":{"start":{"line":228,"column":12},"end":{"line":228,"column":27}},"125":{"start":{"line":229,"column":23},"end":{"line":229,"column":34}},"126":{"start":{"line":230,"column":12},"end":{"line":230,"column":86}},"127":{"start":{"line":230,"column":50},"end":{"line":230,"column":86}},"128":{"start":{"line":232,"column":12},"end":{"line":234,"column":13}},"129":{"start":{"line":233,"column":16},"end":{"line":233,"column":106}},"130":{"start":{"line":235,"column":12},"end":{"line":235,"column":27}},"131":{"start":{"line":236,"column":12},"end":{"line":236,"column":24}},"132":{"start":{"line":238,"column":12},"end":{"line":238,"column":118}},"133":{"start":{"line":243,"column":4},"end":{"line":243,"column":35}},"134":{"start":{"line":247,"column":0},"end":{"line":247,"column":93}}},"fnMap":{"0":{"name":"(anonymous_0)","decl":{"start":{"line":7,"column":4},"end":{"line":7,"column":5}},"loc":{"start":{"line":7,"column":23},"end":{"line":9,"column":5}},"line":7},"1":{"name":"(anonymous_1)","decl":{"start":{"line":11,"column":4},"end":{"line":11,"column":5}},"loc":{"start":{"line":11,"column":15},"end":{"line":13,"column":5}},"line":11},"2":{"name":"(anonymous_2)","decl":{"start":{"line":17,"column":4},"end":{"line":17,"column":5}},"loc":{"start":{"line":17,"column":56},"end":{"line":21,"column":5}},"line":17},"3":{"name":"(anonymous_3)","decl":{"start":{"line":23,"column":4},"end":{"line":23,"column":5}},"loc":{"start":{"line":23,"column":15},"end":{"line":25,"column":5}},"line":23},"4":{"name":"(anonymous_4)","decl":{"start":{"line":29,"column":4},"end":{"line":29,"column":5}},"loc":{"start":{"line":29,"column":62},"end":{"line":33,"column":5}},"line":29},"5":{"name":"(anonymous_5)","decl":{"start":{"line":35,"column":4},"end":{"line":35,"column":5}},"loc":{"start":{"line":35,"column":15},"end":{"line":37,"column":5}},"line":35},"6":{"name":"(anonymous_6)","decl":{"start":{"line":41,"column":4},"end":{"line":41,"column":5}},"loc":{"start":{"line":41,"column":49},"end":{"line":45,"column":5}},"line":41},"7":{"name":"(anonymous_7)","decl":{"start":{"line":47,"column":4},"end":{"line":47,"column":5}},"loc":{"start":{"line":47,"column":15},"end":{"line":49,"column":5}},"line":47},"8":{"name":"(anonymous_8)","decl":{"start":{"line":54,"column":4},"end":{"line":54,"column":5}},"loc":{"start":{"line":54,"column":39},"end":{"line":58,"column":5}},"line":54},"9":{"name":"(anonymous_9)","decl":{"start":{"line":60,"column":4},"end":{"line":60,"column":5}},"loc":{"start":{"line":60,"column":15},"end":{"line":62,"column":5}},"line":60},"10":{"name":"(anonymous_10)","decl":{"start":{"line":66,"column":4},"end":{"line":66,"column":5}},"loc":{"start":{"line":66,"column":24},"end":{"line":73,"column":5}},"line":66},"11":{"name":"(anonymous_11)","decl":{"start":{"line":75,"column":4},"end":{"line":75,"column":5}},"loc":{"start":{"line":75,"column":14},"end":{"line":81,"column":5}},"line":75},"12":{"name":"(anonymous_12)","decl":{"start":{"line":83,"column":4},"end":{"line":83,"column":5}},"loc":{"start":{"line":83,"column":24},"end":{"line":93,"column":5}},"line":83},"13":{"name":"(anonymous_13)","decl":{"start":{"line":95,"column":4},"end":{"line":95,"column":5}},"loc":{"start":{"line":95,"column":12},"end":{"line":107,"column":5}},"line":95},"14":{"name":"(anonymous_14)","decl":{"start":{"line":109,"column":4},"end":{"line":109,"column":5}},"loc":{"start":{"line":109,"column":11},"end":{"line":125,"column":5}},"line":109},"15":{"name":"(anonymous_15)","decl":{"start":{"line":127,"column":4},"end":{"line":127,"column":5}},"loc":{"start":{"line":127,"column":13},"end":{"line":202,"column":5}},"line":127},"16":{"name":"(anonymous_16)","decl":{"start":{"line":207,"column":4},"end":{"line":207,"column":5}},"loc":{"start":{"line":207,"column":18},"end":{"line":239,"column":5}},"line":207},"17":{"name":"isInstanceOf","decl":{"start":{"line":242,"column":9},"end":{"line":242,"column":21}},"loc":{"start":{"line":242,"column":37},"end":{"line":244,"column":1}},"line":242}},"branchMap":{"0":{"loc":{"start":{"line":17,"column":16},"end":{"line":17,"column":26}},"type":"default-arg","locations":[{"start":{"line":17,"column":22},"end":{"line":17,"column":26}}],"line":17},"1":{"loc":{"start":{"line":17,"column":28},"end":{"line":17,"column":40}},"type":"default-arg","locations":[{"start":{"line":17,"column":36},"end":{"line":17,"column":40}}],"line":17},"2":{"loc":{"start":{"line":17,"column":42},"end":{"line":17,"column":54}},"type":"default-arg","locations":[{"start":{"line":17,"column":50},"end":{"line":17,"column":54}}],"line":17},"3":{"loc":{"start":{"line":29,"column":16},"end":{"line":29,"column":29}},"type":"default-arg","locations":[{"start":{"line":29,"column":25},"end":{"line":29,"column":29}}],"line":29},"4":{"loc":{"start":{"line":29,"column":31},"end":{"line":29,"column":46}},"type":"default-arg","locations":[{"start":{"line":29,"column":42},"end":{"line":29,"column":46}}],"line":29},"5":{"loc":{"start":{"line":29,"column":48},"end":{"line":29,"column":60}},"type":"default-arg","locations":[{"start":{"line":29,"column":56},"end":{"line":29,"column":60}}],"line":29},"6":{"loc":{"start":{"line":84,"column":8},"end":{"line":88,"column":9}},"type":"if","locations":[{"start":{"line":84,"column":8},"end":{"line":88,"column":9}},{"start":{},"end":{}}],"line":84},"7":{"loc":{"start":{"line":85,"column":12},"end":{"line":87,"column":13}},"type":"if","locations":[{"start":{"line":85,"column":12},"end":{"line":87,"column":13}},{"start":{},"end":{}}],"line":85},"8":{"loc":{"start":{"line":90,"column":8},"end":{"line":92,"column":9}},"type":"if","locations":[{"start":{"line":90,"column":8},"end":{"line":92,"column":9}},{"start":{},"end":{}}],"line":90},"9":{"loc":{"start":{"line":99,"column":8},"end":{"line":99,"column":50}},"type":"if","locations":[{"start":{"line":99,"column":8},"end":{"line":99,"column":50}},{"start":{},"end":{}}],"line":99},"10":{"loc":{"start":{"line":100,"column":8},"end":{"line":104,"column":14}},"type":"if","locations":[{"start":{"line":100,"column":8},"end":{"line":104,"column":14}},{"start":{},"end":{}}],"line":100},"11":{"loc":{"start":{"line":111,"column":8},"end":{"line":111,"column":90}},"type":"if","locations":[{"start":{"line":111,"column":8},"end":{"line":111,"column":90}},{"start":{},"end":{}}],"line":111},"12":{"loc":{"start":{"line":114,"column":12},"end":{"line":116,"column":13}},"type":"if","locations":[{"start":{"line":114,"column":12},"end":{"line":116,"column":13}},{"start":{},"end":{}}],"line":114},"13":{"loc":{"start":{"line":114,"column":16},"end":{"line":114,"column":121}},"type":"binary-expr","locations":[{"start":{"line":114,"column":16},"end":{"line":114,"column":63}},{"start":{"line":114,"column":67},"end":{"line":114,"column":121}}],"line":114},"14":{"loc":{"start":{"line":121,"column":12},"end":{"line":121,"column":96}},"type":"if","locations":[{"start":{"line":121,"column":12},"end":{"line":121,"column":96}},{"start":{},"end":{}}],"line":121},"15":{"loc":{"start":{"line":131,"column":8},"end":{"line":201,"column":118}},"type":"if","locations":[{"start":{"line":131,"column":8},"end":{"line":201,"column":118}},{"start":{"line":136,"column":13},"end":{"line":201,"column":118}}],"line":131},"16":{"loc":{"start":{"line":131,"column":12},"end":{"line":131,"column":69}},"type":"binary-expr","locations":[{"start":{"line":131,"column":12},"end":{"line":131,"column":38}},{"start":{"line":131,"column":42},"end":{"line":131,"column":69}}],"line":131},"17":{"loc":{"start":{"line":136,"column":13},"end":{"line":201,"column":118}},"type":"if","locations":[{"start":{"line":136,"column":13},"end":{"line":201,"column":118}},{"start":{"line":153,"column":13},"end":{"line":201,"column":118}}],"line":136},"18":{"loc":{"start":{"line":141,"column":12},"end":{"line":144,"column":99}},"type":"if","locations":[{"start":{"line":141,"column":12},"end":{"line":144,"column":99}},{"start":{"line":144,"column":19},"end":{"line":144,"column":99}}],"line":141},"19":{"loc":{"start":{"line":147,"column":12},"end":{"line":147,"column":88}},"type":"if","locations":[{"start":{"line":147,"column":12},"end":{"line":147,"column":88}},{"start":{},"end":{}}],"line":147},"20":{"loc":{"start":{"line":153,"column":13},"end":{"line":201,"column":118}},"type":"if","locations":[{"start":{"line":153,"column":13},"end":{"line":201,"column":118}},{"start":{"line":165,"column":13},"end":{"line":201,"column":118}}],"line":153},"21":{"loc":{"start":{"line":156,"column":12},"end":{"line":156,"column":86}},"type":"if","locations":[{"start":{"line":156,"column":12},"end":{"line":156,"column":86}},{"start":{},"end":{}}],"line":156},"22":{"loc":{"start":{"line":158,"column":12},"end":{"line":160,"column":13}},"type":"if","locations":[{"start":{"line":158,"column":12},"end":{"line":160,"column":13}},{"start":{},"end":{}}],"line":158},"23":{"loc":{"start":{"line":165,"column":13},"end":{"line":201,"column":118}},"type":"if","locations":[{"start":{"line":165,"column":13},"end":{"line":201,"column":118}},{"start":{"line":184,"column":13},"end":{"line":201,"column":118}}],"line":165},"24":{"loc":{"start":{"line":170,"column":12},"end":{"line":180,"column":114}},"type":"if","locations":[{"start":{"line":170,"column":12},"end":{"line":180,"column":114}},{"start":{"line":180,"column":19},"end":{"line":180,"column":114}}],"line":170},"25":{"loc":{"start":{"line":174,"column":16},"end":{"line":179,"column":102}},"type":"if","locations":[{"start":{"line":174,"column":16},"end":{"line":179,"column":102}},{"start":{"line":179,"column":21},"end":{"line":179,"column":102}}],"line":174},"26":{"loc":{"start":{"line":184,"column":13},"end":{"line":201,"column":118}},"type":"if","locations":[{"start":{"line":184,"column":13},"end":{"line":201,"column":118}},{"start":{"line":201,"column":12},"end":{"line":201,"column":118}}],"line":184},"27":{"loc":{"start":{"line":193,"column":12},"end":{"line":194,"column":39}},"type":"if","locations":[{"start":{"line":193,"column":12},"end":{"line":194,"column":39}},{"start":{},"end":{}}],"line":193},"28":{"loc":{"start":{"line":209,"column":8},"end":{"line":238,"column":118}},"type":"if","locations":[{"start":{"line":209,"column":8},"end":{"line":238,"column":118}},{"start":{"line":212,"column":15},"end":{"line":238,"column":118}}],"line":209},"29":{"loc":{"start":{"line":209,"column":12},"end":{"line":209,"column":69}},"type":"binary-expr","locations":[{"start":{"line":209,"column":12},"end":{"line":209,"column":38}},{"start":{"line":209,"column":42},"end":{"line":209,"column":69}}],"line":209},"30":{"loc":{"start":{"line":212,"column":15},"end":{"line":238,"column":118}},"type":"if","locations":[{"start":{"line":212,"column":15},"end":{"line":238,"column":118}},{"start":{"line":227,"column":15},"end":{"line":238,"column":118}}],"line":212},"31":{"loc":{"start":{"line":221,"column":12},"end":{"line":222,"column":39}},"type":"if","locations":[{"start":{"line":221,"column":12},"end":{"line":222,"column":39}},{"start":{},"end":{}}],"line":221},"32":{"loc":{"start":{"line":227,"column":15},"end":{"line":238,"column":118}},"type":"if","locations":[{"start":{"line":227,"column":15},"end":{"line":238,"column":118}},{"start":{"line":238,"column":12},"end":{"line":238,"column":118}}],"line":227},"33":{"loc":{"start":{"line":230,"column":12},"end":{"line":230,"column":86}},"type":"if","locations":[{"start":{"line":230,"column":12},"end":{"line":230,"column":86}},{"start":{},"end":{}}],"line":230},"34":{"loc":{"start":{"line":232,"column":12},"end":{"line":234,"column":13}},"type":"if","locations":[{"start":{"line":232,"column":12},"end":{"line":234,"column":13}},{"start":{},"end":{}}],"line":232}},"s":{"0":1,"1":9,"2":0,"3":1,"4":1,"5":1,"6":0,"7":0,"8":0,"9":0,"10":0,"11":0,"12":0,"13":0,"14":0,"15":4,"16":4,"17":4,"18":0,"19":5,"20":5,"21":5,"22":5,"23":5,"24":5,"25":20,"26":20,"27":20,"28":20,"29":20,"30":5,"31":0,"32":20,"33":0,"34":5,"35":5,"36":5,"37":0,"38":5,"39":0,"40":5,"41":5,"42":5,"43":0,"44":5,"45":4,"46":0,"47":4,"48":4,"49":4,"50":4,"51":0,"52":4,"53":5,"54":9,"55":9,"56":8,"57":8,"58":1,"59":1,"60":1,"61":1,"62":1,"63":1,"64":1,"65":0,"66":1,"67":1,"68":0,"69":1,"70":1,"71":0,"72":0,"73":0,"74":0,"75":0,"76":0,"77":0,"78":0,"79":0,"80":0,"81":0,"82":0,"83":0,"84":0,"85":0,"86":0,"87":0,"88":0,"89":0,"90":0,"91":0,"92":0,"93":0,"94":0,"95":0,"96":0,"97":0,"98":0,"99":0,"100":0,"101":0,"102":0,"103":0,"104":0,"105":0,"106":0,"107":1,"108":1,"109":1,"110":1,"111":0,"112":0,"113":0,"114":0,"115":0,"116":0,"117":0,"118":0,"119":0,"120":0,"121":0,"122":0,"123":0,"124":0,"125":0,"126":0,"127":0,"128":0,"129":0,"130":0,"131":0,"132":0,"133":10,"134":1},"f":{"0":9,"1":0,"2":1,"3":0,"4":0,"5":0,"6":0,"7":0,"8":4,"9":0,"10":5,"11":20,"12":20,"13":5,"14":5,"15":9,"16":1,"17":10},"b":{"0":[1],"1":[1],"2":[1],"3":[0],"4":[0],"5":[0],"6":[5,15],"7":[0,5],"8":[0,20],"9":[0,5],"10":[0,5],"11":[0,5],"12":[0,4],"13":[4,0],"14":[0,4],"15":[8,1],"16":[9,4],"17":[1,0],"18":[1,0],"19":[0,1],"20":[0,0],"21":[0,0],"22":[0,0],"23":[0,0],"24":[0,0],"25":[0,0],"26":[0,0],"27":[0,0],"28":[1,0],"29":[1,1],"30":[0,0],"31":[0,0],"32":[0,0],"33":[0,0],"34":[0,0]},"_coverageSchema":"1a1c01bbd47fc00a2c39e90264f33305004495a9","hash":"82d59a049de0733e961d2c29f5f45b5353553909"}
}
