TN:
SF:error/error.js
FN:2,(anonymous_0)
FN:8,(anonymous_1)
FN:14,(anonymous_2)
FN:20,(anonymous_3)
FNF:4
FNH:1
FNDA:2,(anonymous_0)
FNDA:0,(anonymous_1)
FNDA:0,(anonymous_2)
FNDA:0,(anonymous_3)
DA:3,2
DA:4,2
DA:5,2
DA:9,0
DA:15,0
DA:16,0
DA:17,0
DA:21,0
DA:25,2
LF:9
LH:4
BRF:0
BRH:0
end_of_record
TN:
SF:lexer/constants.js
FNF:0
FNH:0
DA:2,2
DA:29,2
DA:40,2
DA:61,2
DA:65,2
LF:5
LH:5
BRDA:20,0,0,2
BRDA:20,0,1,0
BRF:2
BRH:1
end_of_record
TN:
SF:lexer/lexer.js
FN:15,(anonymous_0)
FN:23,(anonymous_1)
FN:28,(anonymous_2)
FN:163,(anonymous_3)
FN:186,(anonymous_4)
FN:216,(anonymous_5)
FN:227,(anonymous_6)
FNF:7
FNH:7
FNDA:15,(anonymous_0)
FNDA:447,(anonymous_1)
FNDA:61,(anonymous_2)
FNDA:61,(anonymous_3)
FNDA:16,(anonymous_4)
FNDA:41,(anonymous_5)
FNDA:7,(anonymous_6)
DA:6,2
DA:7,2
DA:12,2
DA:13,2
DA:16,15
DA:17,15
DA:18,15
DA:19,15
DA:20,15
DA:24,447
DA:25,447
DA:30,61
DA:31,138
DA:33,0
DA:34,0
DA:36,44
DA:37,31
DA:38,44
DA:39,44
DA:41,5
DA:42,5
DA:43,5
DA:45,6
DA:46,6
DA:47,6
DA:49,1
DA:50,1
DA:51,1
DA:52,1
DA:54,1
DA:56,0
DA:57,0
DA:58,0
DA:59,0
DA:61,0
DA:64,0
DA:66,0
DA:67,0
DA:68,0
DA:69,0
DA:71,0
DA:74,0
DA:81,11
DA:82,11
DA:83,11
DA:86,9
DA:87,9
DA:88,9
DA:90,4
DA:91,4
DA:92,4
DA:94,0
DA:95,0
DA:96,0
DA:97,0
DA:99,4
DA:101,1
DA:102,1
DA:103,1
DA:105,0
DA:106,0
DA:107,0
DA:108,0
DA:110,1
DA:112,2
DA:113,2
DA:114,2
DA:116,0
DA:117,0
DA:118,0
DA:119,0
DA:121,2
DA:123,55
DA:124,14
DA:125,14
DA:126,0
DA:127,14
DA:130,41
DA:131,41
DA:132,41
DA:133,0
DA:135,41
DA:136,11
DA:137,11
DA:138,0
DA:140,11
DA:142,30
DA:143,1
DA:145,29
DA:149,0
DA:153,55
DA:157,61
DA:158,61
DA:160,61
DA:164,61
DA:165,61
DA:166,2031
DA:167,248
DA:168,8
DA:169,8
DA:181,2023
DA:187,16
DA:188,16
DA:191,16
DA:192,60
DA:193,3
DA:194,1
DA:198,2
DA:199,2
DA:200,2
DA:203,57
DA:204,57
DA:208,15
DA:209,14
DA:210,1
DA:217,41
DA:218,41
DA:220,269
DA:221,269
DA:223,41
DA:228,7
DA:229,20
DA:230,20
DA:232,0
DA:233,0
DA:234,0
DA:235,0
DA:239,7
DA:240,7
DA:242,0
DA:247,2
LF:131
LH:96
BRDA:25,0,0,434
BRDA:25,0,1,13
BRDA:31,1,0,0
BRDA:31,1,1,44
BRDA:31,1,2,5
BRDA:31,1,3,6
BRDA:31,1,4,1
BRDA:31,1,5,0
BRDA:31,1,6,0
BRDA:31,1,7,11
BRDA:31,1,8,1
BRDA:31,1,9,9
BRDA:31,1,10,4
BRDA:31,1,11,1
BRDA:31,1,12,2
BRDA:31,1,13,55
BRDA:36,2,0,31
BRDA:36,2,1,13
BRDA:50,3,0,1
BRDA:50,3,1,0
BRDA:57,4,0,0
BRDA:57,4,1,0
BRDA:67,5,0,0
BRDA:67,5,1,0
BRDA:90,6,0,4
BRDA:90,6,1,0
BRDA:95,7,0,0
BRDA:95,7,1,0
BRDA:101,8,0,1
BRDA:101,8,1,0
BRDA:106,9,0,0
BRDA:106,9,1,0
BRDA:112,10,0,2
BRDA:112,10,1,0
BRDA:117,11,0,0
BRDA:117,11,1,0
BRDA:123,12,0,14
BRDA:123,12,1,41
BRDA:125,13,0,0
BRDA:125,13,1,14
BRDA:130,14,0,41
BRDA:130,14,1,0
BRDA:132,15,0,0
BRDA:132,15,1,41
BRDA:135,16,0,11
BRDA:135,16,1,30
BRDA:137,17,0,0
BRDA:137,17,1,11
BRDA:142,18,0,1
BRDA:142,18,1,29
BRDA:166,19,0,248
BRDA:166,19,1,1783
BRDA:167,20,0,8
BRDA:167,20,1,240
BRDA:191,21,0,75
BRDA:191,21,1,68
BRDA:192,22,0,3
BRDA:192,22,1,57
BRDA:193,23,0,1
BRDA:193,23,1,2
BRDA:208,24,0,14
BRDA:208,24,1,1
BRDA:208,25,0,15
BRDA:208,25,1,1
BRDA:208,25,2,15
BRDA:218,26,0,310
BRDA:218,26,1,306
BRDA:229,27,0,20
BRDA:229,27,1,0
BRDA:239,28,0,7
BRDA:239,28,1,0
BRDA:239,29,0,7
BRDA:239,29,1,0
BRDA:239,29,2,0
BRF:74
BRH:49
end_of_record
TN:
SF:lexer/token.js
FN:13,(anonymous_0)
FN:18,(anonymous_1)
FNF:2
FNH:1
FNDA:186,(anonymous_0)
FNDA:0,(anonymous_1)
DA:14,186
DA:15,186
DA:19,0
DA:23,2
LF:4
LH:3
BRF:0
BRH:0
end_of_record
TN:
SF:parser/parser.js
FN:7,(anonymous_0)
FN:11,(anonymous_1)
FN:17,(anonymous_2)
FN:23,(anonymous_3)
FN:29,(anonymous_4)
FN:35,(anonymous_5)
FN:41,(anonymous_6)
FN:47,(anonymous_7)
FN:54,(anonymous_8)
FN:60,(anonymous_9)
FN:66,(anonymous_10)
FN:75,(anonymous_11)
FN:83,(anonymous_12)
FN:95,(anonymous_13)
FN:109,(anonymous_14)
FN:127,(anonymous_15)
FN:207,(anonymous_16)
FN:242,isInstanceOf
FNF:18
FNH:11
FNDA:9,(anonymous_0)
FNDA:0,(anonymous_1)
FNDA:1,(anonymous_2)
FNDA:0,(anonymous_3)
FNDA:0,(anonymous_4)
FNDA:0,(anonymous_5)
FNDA:0,(anonymous_6)
FNDA:0,(anonymous_7)
FNDA:4,(anonymous_8)
FNDA:0,(anonymous_9)
FNDA:5,(anonymous_10)
FNDA:20,(anonymous_11)
FNDA:20,(anonymous_12)
FNDA:5,(anonymous_13)
FNDA:5,(anonymous_14)
FNDA:9,(anonymous_15)
FNDA:1,(anonymous_16)
FNDA:10,isInstanceOf
DA:3,1
DA:8,9
DA:12,0
DA:18,1
DA:19,1
DA:20,1
DA:24,0
DA:30,0
DA:31,0
DA:32,0
DA:36,0
DA:42,0
DA:43,0
DA:44,0
DA:48,0
DA:55,4
DA:56,4
DA:57,4
DA:61,0
DA:67,5
DA:68,5
DA:69,5
DA:70,5
DA:71,5
DA:72,5
DA:77,20
DA:78,20
DA:79,20
DA:80,20
DA:84,20
DA:85,5
DA:86,0
DA:90,20
DA:91,0
DA:96,5
DA:97,5
DA:99,5
DA:100,5
DA:101,0
DA:106,5
DA:110,5
DA:111,5
DA:113,5
DA:114,4
DA:115,0
DA:117,4
DA:118,4
DA:120,4
DA:121,4
DA:122,4
DA:124,5
DA:128,9
DA:131,9
DA:132,8
DA:133,8
DA:136,1
DA:137,1
DA:138,1
DA:139,1
DA:141,1
DA:142,1
DA:143,1
DA:144,0
DA:146,1
DA:147,1
DA:148,1
DA:149,1
DA:153,0
DA:154,0
DA:155,0
DA:156,0
DA:158,0
DA:159,0
DA:161,0
DA:162,0
DA:165,0
DA:166,0
DA:167,0
DA:168,0
DA:169,0
DA:170,0
DA:171,0
DA:172,0
DA:174,0
DA:175,0
DA:176,0
DA:177,0
DA:179,0
DA:180,0
DA:184,0
DA:185,0
DA:186,0
DA:187,0
DA:188,0
DA:189,0
DA:190,0
DA:193,0
DA:194,0
DA:196,0
DA:197,0
DA:198,0
DA:201,0
DA:208,1
DA:209,1
DA:210,1
DA:211,1
DA:212,0
DA:213,0
DA:214,0
DA:215,0
DA:216,0
DA:217,0
DA:218,0
DA:221,0
DA:222,0
DA:224,0
DA:225,0
DA:226,0
DA:227,0
DA:228,0
DA:229,0
DA:230,0
DA:232,0
DA:233,0
DA:235,0
DA:236,0
DA:238,0
DA:243,10
DA:247,1
LF:129
LH:57
BRDA:17,0,0,1
BRDA:17,1,0,1
BRDA:17,2,0,1
BRDA:29,3,0,0
BRDA:29,4,0,0
BRDA:29,5,0,0
BRDA:84,6,0,5
BRDA:84,6,1,15
BRDA:85,7,0,0
BRDA:85,7,1,5
BRDA:90,8,0,0
BRDA:90,8,1,20
BRDA:99,9,0,0
BRDA:99,9,1,5
BRDA:100,10,0,0
BRDA:100,10,1,5
BRDA:111,11,0,0
BRDA:111,11,1,5
BRDA:114,12,0,0
BRDA:114,12,1,4
BRDA:114,13,0,4
BRDA:114,13,1,0
BRDA:121,14,0,0
BRDA:121,14,1,4
BRDA:131,15,0,8
BRDA:131,15,1,1
BRDA:131,16,0,9
BRDA:131,16,1,4
BRDA:136,17,0,1
BRDA:136,17,1,0
BRDA:141,18,0,1
BRDA:141,18,1,0
BRDA:147,19,0,0
BRDA:147,19,1,1
BRDA:153,20,0,0
BRDA:153,20,1,0
BRDA:156,21,0,0
BRDA:156,21,1,0
BRDA:158,22,0,0
BRDA:158,22,1,0
BRDA:165,23,0,0
BRDA:165,23,1,0
BRDA:170,24,0,0
BRDA:170,24,1,0
BRDA:174,25,0,0
BRDA:174,25,1,0
BRDA:184,26,0,0
BRDA:184,26,1,0
BRDA:193,27,0,0
BRDA:193,27,1,0
BRDA:209,28,0,1
BRDA:209,28,1,0
BRDA:209,29,0,1
BRDA:209,29,1,1
BRDA:212,30,0,0
BRDA:212,30,1,0
BRDA:221,31,0,0
BRDA:221,31,1,0
BRDA:227,32,0,0
BRDA:227,32,1,0
BRDA:230,33,0,0
BRDA:230,33,1,0
BRDA:232,34,0,0
BRDA:232,34,1,0
BRF:64
BRH:23
end_of_record
